\BOOKMARK [0][-]{section*.1}{\376\377\000D\000e\000c\000l\000a\000r\000a\000t\000i\000o\000n\000\040\000o\000f\000\040\000A\000u\000t\000h\000o\000r\000s\000h\000i\000p}{}% 1
\BOOKMARK [0][-]{section*.2}{\376\377\000A\000b\000s\000t\000r\000a\000c\000t}{}% 2
\BOOKMARK [0][-]{section*.3}{\376\377\000A\000c\000k\000n\000o\000w\000l\000e\000d\000g\000e\000m\000e\000n\000t\000s}{}% 3
\BOOKMARK [0][-]{chapter.10}{\376\377\000I\000n\000t\000r\000o\000d\000u\000c\000t\000i\000o\000n}{}% 4
\BOOKMARK [1][-]{section.13}{\376\377\000S\000i\000g\000n\000i\000f\000i\000c\000a\000n\000c\000e}{chapter.10}% 5
\BOOKMARK [1][-]{section.16}{\376\377\000B\000a\000c\000k\000g\000r\000o\000u\000n\000d}{chapter.10}% 6
\BOOKMARK [1][-]{section.18}{\376\377\000O\000b\000j\000e\000c\000t\000i\000v\000e\000s}{chapter.10}% 7
\BOOKMARK [2][-]{subsection.19}{\376\377\000E\000v\000a\000l\000u\000a\000t\000i\000n\000g\000\040\000s\000t\000a\000t\000e\000-\000o\000f\000-\000t\000h\000e\000-\000a\000r\000t}{section.18}% 8
\BOOKMARK [2][-]{subsection.20}{\376\377\000A\000p\000p\000l\000i\000c\000a\000t\000i\000o\000n}{section.18}% 9
\BOOKMARK [3][-]{section*.21}{\376\377\000N\000e\000e\000d\000e\000d\000\040\000S\000C\000R\000U\000M\000\040\000K\000P\000I\000s}{subsection.20}% 10
\BOOKMARK [1][-]{section.22}{\376\377\000S\000c\000o\000p\000e\000\040\000a\000n\000d\000\040\000l\000i\000m\000i\000t\000a\000t\000i\000o\000n\000s}{chapter.10}% 11
\BOOKMARK [2][-]{subsection.23}{\376\377\000S\000c\000o\000p\000e}{section.22}% 12
\BOOKMARK [2][-]{subsection.24}{\376\377\000L\000i\000m\000i\000t\000a\000t\000i\000o\000n\000s}{section.22}% 13
\BOOKMARK [0][-]{chapter.25}{\376\377\000S\000t\000a\000t\000e\000\040\000o\000f\000\040\000t\000h\000e\000\040\000a\000r\000t}{}% 14
\BOOKMARK [1][-]{section.26}{\376\377\000O\000v\000e\000r\000v\000i\000e\000w\000\040\000o\000f\000\040\000S\000C\000R\000U\000M\000\040\000a\000n\000d\000\040\000i\000t\000s\000\040\000c\000h\000a\000l\000l\000e\000n\000g\000e\000s}{chapter.25}% 15
\BOOKMARK [2][-]{subsection.27}{\376\377\000I\000n\000t\000r\000o\000d\000u\000c\000t\000i\000o\000n\000\040\000t\000o\000\040\000S\000C\000R\000U\000M}{section.26}% 16
\BOOKMARK [2][-]{subsection.28}{\376\377\000F\000r\000a\000m\000e\000w\000o\000r\000k\000\040\000a\000n\000d\000\040\000C\000o\000m\000p\000o\000n\000e\000n\000t\000s}{section.26}% 17
\BOOKMARK [2][-]{subsection.36}{\376\377\000B\000e\000n\000e\000f\000i\000t\000s}{section.26}% 18
\BOOKMARK [2][-]{subsection.37}{\376\377\000C\000h\000a\000l\000l\000e\000n\000g\000e\000s}{section.26}% 19
\BOOKMARK [2][-]{subsection.38}{\376\377\000M\000e\000a\000s\000u\000r\000i\000n\000g\000\040\000S\000C\000R\000U\000M\000'\000s\000\040\000s\000u\000c\000c\000e\000s\000s}{section.26}% 20
\BOOKMARK [1][-]{section.39}{\376\377\000P\000r\000e\000v\000i\000o\000u\000s\000\040\000s\000t\000u\000d\000i\000e\000s\000\040\000a\000n\000d\000\040\000s\000t\000a\000t\000e\000\040\000o\000f\000\040\000t\000h\000e\000\040\000a\000r\000t}{chapter.25}% 21
\BOOKMARK [2][-]{subsection.40}{\376\377\000R\000e\000l\000e\000v\000a\000n\000t\000\040\000l\000i\000t\000e\000r\000a\000t\000u\000r\000e\000\040\000a\000b\000o\000u\000t\000\040\000K\000P\000I\000s\000\040\000a\000n\000d\000\040\000S\000C\000R\000U\000M\000\040\000P\000e\000r\000f\000o\000r\000m\000a\000n\000c\000e}{section.39}% 22
\BOOKMARK [3][-]{section*.41}{\376\377\000P\000e\000r\000c\000e\000i\000v\000e\000d\000\040\000I\000m\000p\000o\000r\000t\000a\000n\000c\000e\000\040\000o\000f\000\040\000M\000e\000t\000r\000i\000c\000s\000\040\000f\000o\000r\000\040\000A\000g\000i\000l\000e\000\040\000S\000c\000r\000u\000m\000\040\000E\000n\000v\000i\000r\000o\000n\000m\000e\000n\000t\000s}{subsection.40}% 23
\BOOKMARK [3][-]{section*.44}{\376\377\000M\000a\000s\000t\000e\000r\000\040\000t\000h\000e\000s\000i\000s\000:\000\040\000A\000g\000i\000l\000e\000\040\000p\000r\000o\000j\000e\000c\000t\000\040\000h\000e\000a\000l\000t\000h\000\040\000i\000n\000d\000i\000c\000a\000t\000o\000r\000s}{subsection.40}% 24
\BOOKMARK [0][-]{chapter.48}{\376\377\000R\000e\000s\000e\000a\000r\000c\000h\000\040\000M\000e\000t\000h\000o\000d\000o\000l\000o\000g\000y}{}% 25
\BOOKMARK [1][-]{section.49}{\376\377\000O\000v\000e\000r\000v\000i\000e\000w\000\040\000o\000f\000\040\000D\000e\000s\000i\000g\000n\000\040\000S\000c\000i\000e\000n\000c\000e\000\040\000R\000e\000s\000e\000a\000r\000c\000h}{chapter.48}% 26
\BOOKMARK [2][-]{subsection.50}{\376\377\000C\000h\000a\000r\000a\000c\000t\000e\000r\000i\000s\000t\000i\000c\000s\000\040\000o\000f\000\040\000D\000S\000R}{section.49}% 27
\BOOKMARK [2][-]{subsection.56}{\376\377\000R\000e\000l\000e\000v\000a\000n\000c\000e\000\040\000t\000o\000\040\000R\000e\000s\000e\000a\000r\000c\000h}{section.49}% 28
\BOOKMARK [2][-]{subsection.57}{\376\377\000M\000e\000t\000h\000o\000d\000o\000l\000o\000g\000i\000c\000a\000l\000\040\000S\000t\000e\000p\000s}{section.49}% 29
\BOOKMARK [1][-]{section.64}{\376\377\000A\000r\000t\000i\000f\000a\000c\000t\000\040\000d\000e\000s\000i\000g\000n\000\040\000a\000n\000d\000\040\000c\000o\000n\000s\000t\000r\000u\000c\000t\000i\000o\000n}{chapter.48}% 30
\BOOKMARK [1][-]{section.65}{\376\377\000A\000r\000t\000i\000f\000a\000c\000t\000\040\000e\000v\000a\000l\000u\000a\000t\000i\000o\000n}{chapter.48}% 31
\BOOKMARK [0][-]{chapter.66}{\376\377\000E\000x\000p\000l\000o\000r\000a\000t\000i\000o\000n\000\040\000o\000f\000\040\000P\000e\000r\000f\000o\000r\000m\000a\000n\000c\000e\000\040\000I\000n\000d\000i\000c\000a\000t\000o\000r\000s}{}% 32
\BOOKMARK [1][-]{section.67}{\376\377\000M\000e\000t\000h\000o\000d\000s\000\040\000o\000f\000\040\000e\000x\000p\000l\000o\000r\000i\000n\000g\000\040\000t\000h\000e\000\040\000r\000e\000l\000e\000v\000a\000n\000c\000e\000\040\000o\000f\000\040\000K\000P\000I\000s}{chapter.66}% 33
\BOOKMARK [2][-]{subsection.68}{\376\377\000S\000u\000r\000v\000e\000y}{section.67}% 34
\BOOKMARK [3][-]{section*.69}{\376\377\000D\000i\000s\000t\000r\000i\000b\000u\000t\000i\000o\000n}{subsection.68}% 35
\BOOKMARK [3][-]{section*.70}{\376\377\000Q\000u\000e\000s\000t\000i\000o\000n\000s}{subsection.68}% 36
\BOOKMARK [2][-]{subsection.71}{\376\377\000C\000r\000i\000t\000e\000r\000i\000a\000\040\000o\000f\000\040\000e\000v\000a\000l\000u\000a\000t\000i\000o\000n}{section.67}% 37
\BOOKMARK [3][-]{section*.72}{\376\377\000Q\000u\000a\000n\000t\000i\000f\000i\000a\000b\000l\000e\000\040\000I\000m\000p\000a\000c\000t}{subsection.71}% 38
\BOOKMARK [3][-]{section*.73}{\376\377\000F\000e\000a\000s\000i\000b\000i\000l\000i\000t\000y\000\040\000a\000n\000d\000\040\000a\000c\000c\000e\000s\000s\000i\000b\000i\000l\000i\000t\000y}{subsection.71}% 39
\BOOKMARK [3][-]{section*.74}{\376\377\000C\000l\000a\000r\000i\000t\000y}{subsection.71}% 40
\BOOKMARK [3][-]{section*.75}{\376\377\000A\000c\000t\000i\000o\000n\000a\000b\000i\000l\000i\000t\000y}{subsection.71}% 41
\BOOKMARK [3][-]{section*.76}{\376\377\000R\000e\000l\000e\000v\000a\000n\000c\000e\000\040\000o\000v\000e\000r\000\040\000t\000i\000m\000e}{subsection.71}% 42
\BOOKMARK [2][-]{subsection.77}{\376\377\000A\000p\000p\000r\000o\000a\000c\000h}{section.67}% 43
\BOOKMARK [2][-]{subsection.78}{\376\377\000E\000x\000p\000e\000c\000t\000e\000d\000\040\000o\000u\000t\000c\000o\000m\000e}{section.67}% 44
\BOOKMARK [1][-]{section.79}{\376\377\000E\000x\000p\000l\000o\000r\000a\000t\000i\000o\000n\000\040\000o\000f\000\040\000K\000P\000I\000s}{chapter.66}% 45
\BOOKMARK [2][-]{subsection.80}{\376\377\000S\000u\000r\000v\000e\000y\000\040\000d\000a\000t\000a}{section.79}% 46
\BOOKMARK [3][-]{section*.81}{\376\377\000P\000a\000r\000t\000i\000c\000i\000p\000a\000n\000t\000s}{subsection.80}% 47
\BOOKMARK [3][-]{section*.84}{\376\377\000K\000P\000I\000s}{subsection.80}% 48
\BOOKMARK [3][-]{section*.98}{\376\377\000C\000o\000r\000r\000e\000l\000a\000t\000i\000o\000n\000s\000\040\000a\000n\000d\000\040\000o\000u\000t\000l\000i\000e\000r\000s\000\040\000i\000n\000\040\000t\000h\000e\000\040\000d\000a\000t\000a}{subsection.80}% 49
\BOOKMARK [1][-]{section.103}{\376\377\000P\000r\000a\000c\000t\000i\000c\000a\000l\000\040\000i\000m\000p\000l\000i\000c\000a\000t\000i\000o\000n\000s}{chapter.66}% 50
\BOOKMARK [0][-]{chapter.104}{\376\377\000A\000r\000t\000i\000f\000a\000c\000t\000\040\000d\000e\000s\000i\000g\000n\000\040\000a\000n\000d\000\040\000f\000e\000a\000t\000u\000r\000e\000s}{}% 51
\BOOKMARK [1][-]{section.105}{\376\377\000D\000e\000s\000i\000g\000n\000\040\000c\000o\000n\000s\000i\000d\000e\000r\000a\000t\000i\000o\000n\000s\000\040\000a\000n\000d\000\040\000c\000h\000o\000i\000c\000e\000s}{chapter.104}% 52
\BOOKMARK [2][-]{subsection.106}{\376\377\000S\000o\000f\000t\000w\000a\000r\000e\000\040\000c\000a\000t\000e\000g\000o\000r\000y}{section.105}% 53
\BOOKMARK [3][-]{section*.107}{\376\377\000E\000x\000t\000e\000n\000s\000i\000o\000n\000\040\000f\000o\000r\000\040\000a\000\040\000S\000C\000R\000U\000M\000\040\000p\000l\000a\000t\000f\000o\000r\000m}{subsection.106}% 54
\BOOKMARK [3][-]{section*.109}{\376\377\000I\000n\000d\000e\000p\000e\000n\000d\000e\000n\000t\000\040\000a\000p\000p\000l\000i\000c\000a\000t\000i\000o\000n}{subsection.106}% 55
\BOOKMARK [2][-]{subsection.110}{\376\377\000A\000p\000p\000l\000i\000c\000a\000t\000i\000o\000n\000\040\000a\000r\000c\000h\000i\000t\000e\000c\000t\000u\000r\000e}{section.105}% 56
\BOOKMARK [2][-]{subsection.111}{\376\377\000P\000r\000o\000g\000r\000a\000m\000m\000i\000n\000g\000\040\000l\000a\000n\000g\000u\000a\000g\000e\000s\000\040\000a\000n\000d\000\040\000f\000r\000a\000m\000e\000w\000o\000r\000k\000s}{section.105}% 57
\BOOKMARK [3][-]{section*.112}{\376\377\000B\000a\000c\000k\000-\000e\000n\000d}{subsection.111}% 58
\BOOKMARK [3][-]{section*.114}{\376\377\000D\000a\000t\000a\000b\000a\000s\000e}{subsection.111}% 59
\BOOKMARK [3][-]{section*.115}{\376\377\000F\000r\000o\000n\000t\000-\000e\000n\000d}{subsection.111}% 60
\BOOKMARK [3][-]{section*.117}{\376\377\000C\000o\000m\000p\000o\000s\000i\000t\000i\000o\000n}{subsection.111}% 61
\BOOKMARK [2][-]{subsection.119}{\376\377\000C\000a\000p\000a\000b\000i\000l\000i\000t\000i\000e\000s}{section.105}% 62
\BOOKMARK [1][-]{section.121}{\376\377\000M\000o\000d\000e\000l}{chapter.104}% 63
\BOOKMARK [2][-]{subsection.122}{\376\377\000D\000a\000t\000a\000\040\000m\000o\000d\000e\000l}{section.121}% 64
\BOOKMARK [3][-]{section*.124}{\376\377\000A\000n\000a\000l\000y\000s\000i\000s\000\040\000m\000o\000d\000e\000l\000s}{subsection.122}% 65
\BOOKMARK [3][-]{section*.169}{\376\377\000U\000s\000e\000r\000\040\000m\000a\000n\000a\000g\000e\000m\000e\000n\000t}{subsection.122}% 66
\BOOKMARK [1][-]{section.171}{\376\377\000U\000s\000e\000\040\000c\000a\000s\000e\000s}{chapter.104}% 67
\BOOKMARK [1][-]{section.175}{\376\377\000R\000e\000q\000u\000i\000r\000e\000m\000e\000n\000t\000s}{chapter.104}% 68
\BOOKMARK [2][-]{subsection.176}{\376\377\000F\000u\000n\000c\000t\000i\000o\000n\000a\000l}{section.175}% 69
\BOOKMARK [2][-]{subsection.321}{\376\377\000N\000o\000n\000\040\000f\000u\000n\000c\000t\000i\000o\000n\000a\000l}{section.175}% 70
\BOOKMARK [1][-]{section.323}{\376\377\000L\000i\000m\000i\000t\000a\000t\000i\000o\000n\000s}{chapter.104}% 71
\BOOKMARK [2][-]{subsection.324}{\376\377\000D\000e\000p\000e\000n\000d\000e\000n\000c\000i\000e\000s}{section.323}% 72
\BOOKMARK [2][-]{subsection.325}{\376\377\000M\000u\000l\000t\000i\000p\000l\000e\000\040\000o\000r\000g\000a\000n\000i\000s\000a\000t\000i\000o\000n\000s}{section.323}% 73
\BOOKMARK [1][-]{section.326}{\376\377\000H\000i\000g\000h\000l\000i\000g\000h\000t\000e\000d\000\040\000f\000e\000a\000t\000u\000r\000e\000s}{chapter.104}% 74
\BOOKMARK [2][-]{subsection.327}{\376\377\000R\000e\000t\000r\000i\000e\000v\000i\000n\000g\000\040\000s\000p\000r\000i\000n\000t\000\040\000d\000a\000t\000a\000\040\000d\000y\000n\000a\000m\000i\000c\000a\000l\000l\000y}{section.326}% 75
\BOOKMARK [2][-]{subsection.370}{\376\377\000M\000o\000d\000e\000l\000\040\000a\000s\000s\000o\000c\000i\000a\000t\000i\000o\000n\000s\000\040\000o\000f\000\040\000n\000o\000n\000-\000e\000x\000i\000s\000t\000e\000n\000t\000\040\000u\000s\000e\000r\000s}{section.326}% 76
\BOOKMARK [2][-]{subsection.411}{\376\377\000D\000y\000n\000a\000m\000i\000c\000\040\000d\000a\000s\000h\000b\000o\000a\000r\000d\000\040\000l\000a\000y\000o\000u\000t\000s}{section.326}% 77
\BOOKMARK [0][-]{chapter.415}{\376\377\000A\000r\000t\000i\000f\000a\000c\000t\000\040\000E\000v\000a\000l\000u\000a\000t\000i\000o\000n}{}% 78
\BOOKMARK [1][-]{section.416}{\376\377\000E\000v\000a\000l\000u\000a\000t\000i\000o\000n\000\040\000p\000r\000o\000c\000e\000s\000s\000\040\000a\000n\000d\000\040\000m\000e\000t\000h\000o\000d\000s}{chapter.415}% 79
\BOOKMARK [1][-]{section.417}{\376\377\000E\000v\000a\000l\000u\000a\000t\000i\000o\000n\000\040\000r\000e\000s\000u\000l\000t\000s}{chapter.415}% 80
\BOOKMARK [2][-]{subsection.418}{\376\377\000F\000u\000n\000c\000t\000i\000o\000n\000a\000l\000\040\000r\000e\000q\000u\000i\000r\000e\000m\000e\000n\000t\000s}{section.417}% 81
\BOOKMARK [2][-]{subsection.419}{\376\377\000N\000o\000n\000f\000u\000n\000c\000t\000i\000o\000n\000a\000l\000\040\000r\000e\000q\000u\000i\000r\000e\000m\000e\000n\000t\000s}{section.417}% 82
\BOOKMARK [3][-]{section*.420}{\376\377\000R\000a\000t\000i\000n\000g\000s}{subsection.419}% 83
\BOOKMARK [1][-]{section.423}{\376\377\000C\000o\000m\000p\000a\000r\000i\000s\000o\000n\000\040\000w\000i\000t\000h\000\040\000o\000t\000h\000e\000r\000\040\000t\000o\000o\000l\000s\000\040\000a\000n\000d\000\040\000m\000e\000t\000h\000o\000d\000s}{chapter.415}% 84
\BOOKMARK [0][-]{chapter.424}{\376\377\000C\000o\000n\000c\000l\000u\000s\000i\000o\000n}{}% 85
\BOOKMARK [1][-]{section.425}{\376\377\000S\000u\000m\000m\000a\000r\000y}{chapter.424}% 86
\BOOKMARK [1][-]{section.426}{\376\377\000C\000o\000n\000t\000r\000i\000b\000u\000t\000i\000o\000n}{chapter.424}% 87
\BOOKMARK [2][-]{subsection.427}{\376\377\000K\000P\000I\000\040\000u\000s\000a\000g\000e\000\040\000a\000n\000d\000\040\000d\000e\000m\000a\000n\000d}{section.426}% 88
\BOOKMARK [2][-]{subsection.428}{\376\377\000K\000P\000I\000\040\000e\000v\000a\000l\000u\000a\000t\000i\000o\000n}{section.426}% 89
\BOOKMARK [1][-]{section.429}{\376\377\000R\000e\000f\000l\000e\000c\000t\000i\000o\000n\000\040\000o\000n\000\040\000t\000h\000e\000\040\000p\000r\000o\000c\000e\000s\000s}{chapter.424}% 90
